ven. 27 nov. 15 -- 11:57:20:044 : GENERATION STARTED 
Applying profile on models...
done.
Evaluation of IView on BanqueView...
done.
Writing file: /home/anthony/Dropbox/Cours/Master/Semestre 3 (M2)/MDE/bonnie-and-clyde/com.mia.banque.application.generated/src/com/mia/banque/ui/view/IBanqueView.java...
done.
Evaluation of IControler on BanqueView...
done.
Writing file: /home/anthony/Dropbox/Cours/Master/Semestre 3 (M2)/MDE/bonnie-and-clyde/com.mia.banque.application.generated/src/com/mia/banque/ui/controler/IBanqueControler.java...
done.
Evaluation of View on BanqueView...
done.
Writing file: /home/anthony/Dropbox/Cours/Master/Semestre 3 (M2)/MDE/bonnie-and-clyde/com.mia.banque.application.generated/src/com/mia/banque/ui/view/swt/BanqueView.java...
done.
Evaluation of Controler on BanqueView...
done.
Writing file: /home/anthony/Dropbox/Cours/Master/Semestre 3 (M2)/MDE/bonnie-and-clyde/com.mia.banque.application.generated/src/com/mia/banque/ui/controler/swt/BanqueControler.java...
done.
Evaluation of IView on ClientView...
done.
Writing file: /home/anthony/Dropbox/Cours/Master/Semestre 3 (M2)/MDE/bonnie-and-clyde/com.mia.banque.application.generated/src/com/mia/banque/ui/view/IClientView.java...
done.
Evaluation of IControler on ClientView...
done.
Writing file: /home/anthony/Dropbox/Cours/Master/Semestre 3 (M2)/MDE/bonnie-and-clyde/com.mia.banque.application.generated/src/com/mia/banque/ui/controler/IClientControler.java...
done.
Evaluation of View on ClientView...
done.
Writing file: /home/anthony/Dropbox/Cours/Master/Semestre 3 (M2)/MDE/bonnie-and-clyde/com.mia.banque.application.generated/src/com/mia/banque/ui/view/swt/ClientView.java...
done.
Evaluation of Controler on ClientView...
done.
Writing file: /home/anthony/Dropbox/Cours/Master/Semestre 3 (M2)/MDE/bonnie-and-clyde/com.mia.banque.application.generated/src/com/mia/banque/ui/controler/swt/ClientControler.java...
done.
Evaluation of IView on CompteView...
done.
Writing file: /home/anthony/Dropbox/Cours/Master/Semestre 3 (M2)/MDE/bonnie-and-clyde/com.mia.banque.application.generated/src/com/mia/banque/ui/view/ICompteView.java...
done.
Evaluation of IControler on CompteView...
done.
Writing file: /home/anthony/Dropbox/Cours/Master/Semestre 3 (M2)/MDE/bonnie-and-clyde/com.mia.banque.application.generated/src/com/mia/banque/ui/controler/ICompteControler.java...
done.
Evaluation of View on CompteView...
done.
Writing file: /home/anthony/Dropbox/Cours/Master/Semestre 3 (M2)/MDE/bonnie-and-clyde/com.mia.banque.application.generated/src/com/mia/banque/ui/view/swt/CompteView.java...
done.
Evaluation of Controler on CompteView...
done.
Writing file: /home/anthony/Dropbox/Cours/Master/Semestre 3 (M2)/MDE/bonnie-and-clyde/com.mia.banque.application.generated/src/com/mia/banque/ui/controler/swt/CompteControler.java...
done.
Evaluation of IView on OperationView...
done.
Writing file: /home/anthony/Dropbox/Cours/Master/Semestre 3 (M2)/MDE/bonnie-and-clyde/com.mia.banque.application.generated/src/com/mia/banque/ui/view/IOperationView.java...
done.
Evaluation of IControler on OperationView...
done.
Writing file: /home/anthony/Dropbox/Cours/Master/Semestre 3 (M2)/MDE/bonnie-and-clyde/com.mia.banque.application.generated/src/com/mia/banque/ui/controler/IOperationControler.java...
done.
Evaluation of View on OperationView...
done.
Writing file: /home/anthony/Dropbox/Cours/Master/Semestre 3 (M2)/MDE/bonnie-and-clyde/com.mia.banque.application.generated/src/com/mia/banque/ui/view/swt/OperationView.java...
done.
Evaluation of Controler on OperationView...
done.
Writing file: /home/anthony/Dropbox/Cours/Master/Semestre 3 (M2)/MDE/bonnie-and-clyde/com.mia.banque.application.generated/src/com/mia/banque/ui/controler/swt/OperationControler.java...
done.
ven. 27 nov. 15 -- 11:57:23:684 : COMPLETED
ven. 27 nov. 15 -- 11:58:45:217 : GENERATION STARTED 
Applying profile on models...
done.
Evaluation of IView on BanqueView...
done.
Writing file: /home/anthony/Dropbox/Cours/Master/Semestre 3 (M2)/MDE/bonnie-and-clyde/com.mia.banque.application.generated/src/com/mia/banque/ui/view/IBanqueView.java...
done.
Evaluation of IControler on BanqueView...
done.
Writing file: /home/anthony/Dropbox/Cours/Master/Semestre 3 (M2)/MDE/bonnie-and-clyde/com.mia.banque.application.generated/src/com/mia/banque/ui/controler/IBanqueControler.java...
done.
Evaluation of View on BanqueView...
done.
Writing file: /home/anthony/Dropbox/Cours/Master/Semestre 3 (M2)/MDE/bonnie-and-clyde/com.mia.banque.application.generated/src/com/mia/banque/ui/view/swt/BanqueView.java...
done.
Evaluation of Controler on BanqueView...
done.
Writing file: /home/anthony/Dropbox/Cours/Master/Semestre 3 (M2)/MDE/bonnie-and-clyde/com.mia.banque.application.generated/src/com/mia/banque/ui/controler/swt/BanqueControler.java...
done.
Evaluation of IView on ClientView...
done.
Writing file: /home/anthony/Dropbox/Cours/Master/Semestre 3 (M2)/MDE/bonnie-and-clyde/com.mia.banque.application.generated/src/com/mia/banque/ui/view/IClientView.java...
done.
Evaluation of IControler on ClientView...
done.
Writing file: /home/anthony/Dropbox/Cours/Master/Semestre 3 (M2)/MDE/bonnie-and-clyde/com.mia.banque.application.generated/src/com/mia/banque/ui/controler/IClientControler.java...
done.
Evaluation of View on ClientView...
done.
Writing file: /home/anthony/Dropbox/Cours/Master/Semestre 3 (M2)/MDE/bonnie-and-clyde/com.mia.banque.application.generated/src/com/mia/banque/ui/view/swt/ClientView.java...
done.
Evaluation of Controler on ClientView...
done.
Writing file: /home/anthony/Dropbox/Cours/Master/Semestre 3 (M2)/MDE/bonnie-and-clyde/com.mia.banque.application.generated/src/com/mia/banque/ui/controler/swt/ClientControler.java...
done.
Evaluation of IView on CompteView...
done.
Writing file: /home/anthony/Dropbox/Cours/Master/Semestre 3 (M2)/MDE/bonnie-and-clyde/com.mia.banque.application.generated/src/com/mia/banque/ui/view/ICompteView.java...
done.
Evaluation of IControler on CompteView...
done.
Writing file: /home/anthony/Dropbox/Cours/Master/Semestre 3 (M2)/MDE/bonnie-and-clyde/com.mia.banque.application.generated/src/com/mia/banque/ui/controler/ICompteControler.java...
done.
Evaluation of View on CompteView...
done.
Writing file: /home/anthony/Dropbox/Cours/Master/Semestre 3 (M2)/MDE/bonnie-and-clyde/com.mia.banque.application.generated/src/com/mia/banque/ui/view/swt/CompteView.java...
done.
Evaluation of Controler on CompteView...
done.
Writing file: /home/anthony/Dropbox/Cours/Master/Semestre 3 (M2)/MDE/bonnie-and-clyde/com.mia.banque.application.generated/src/com/mia/banque/ui/controler/swt/CompteControler.java...
done.
Evaluation of IView on OperationView...
done.
Writing file: /home/anthony/Dropbox/Cours/Master/Semestre 3 (M2)/MDE/bonnie-and-clyde/com.mia.banque.application.generated/src/com/mia/banque/ui/view/IOperationView.java...
done.
Evaluation of IControler on OperationView...
done.
Writing file: /home/anthony/Dropbox/Cours/Master/Semestre 3 (M2)/MDE/bonnie-and-clyde/com.mia.banque.application.generated/src/com/mia/banque/ui/controler/IOperationControler.java...
done.
Evaluation of View on OperationView...
done.
Writing file: /home/anthony/Dropbox/Cours/Master/Semestre 3 (M2)/MDE/bonnie-and-clyde/com.mia.banque.application.generated/src/com/mia/banque/ui/view/swt/OperationView.java...
done.
Evaluation of Controler on OperationView...
done.
Writing file: /home/anthony/Dropbox/Cours/Master/Semestre 3 (M2)/MDE/bonnie-and-clyde/com.mia.banque.application.generated/src/com/mia/banque/ui/controler/swt/OperationControler.java...
done.
ven. 27 nov. 15 -- 11:58:47:881 : COMPLETED
ven. 27 nov. 15 -- 11:58:48:701 : GENERATION STARTED 
Applying profile on models...
done.
Evaluation of IView on BanqueView...
done.
Writing file: /home/anthony/Dropbox/Cours/Master/Semestre 3 (M2)/MDE/bonnie-and-clyde/com.mia.banque.application.generated/src/com/mia/banque/ui/view/IBanqueView.java...
done.
Evaluation of IControler on BanqueView...
done.
Writing file: /home/anthony/Dropbox/Cours/Master/Semestre 3 (M2)/MDE/bonnie-and-clyde/com.mia.banque.application.generated/src/com/mia/banque/ui/controler/IBanqueControler.java...
done.
Evaluation of View on BanqueView...
done.
Writing file: /home/anthony/Dropbox/Cours/Master/Semestre 3 (M2)/MDE/bonnie-and-clyde/com.mia.banque.application.generated/src/com/mia/banque/ui/view/swt/BanqueView.java...
done.
Evaluation of Controler on BanqueView...
done.
Writing file: /home/anthony/Dropbox/Cours/Master/Semestre 3 (M2)/MDE/bonnie-and-clyde/com.mia.banque.application.generated/src/com/mia/banque/ui/controler/swt/BanqueControler.java...
done.
Evaluation of IView on ClientView...
done.
Writing file: /home/anthony/Dropbox/Cours/Master/Semestre 3 (M2)/MDE/bonnie-and-clyde/com.mia.banque.application.generated/src/com/mia/banque/ui/view/IClientView.java...
done.
Evaluation of IControler on ClientView...
done.
Writing file: /home/anthony/Dropbox/Cours/Master/Semestre 3 (M2)/MDE/bonnie-and-clyde/com.mia.banque.application.generated/src/com/mia/banque/ui/controler/IClientControler.java...
done.
Evaluation of View on ClientView...
done.
Writing file: /home/anthony/Dropbox/Cours/Master/Semestre 3 (M2)/MDE/bonnie-and-clyde/com.mia.banque.application.generated/src/com/mia/banque/ui/view/swt/ClientView.java...
done.
Evaluation of Controler on ClientView...
done.
Writing file: /home/anthony/Dropbox/Cours/Master/Semestre 3 (M2)/MDE/bonnie-and-clyde/com.mia.banque.application.generated/src/com/mia/banque/ui/controler/swt/ClientControler.java...
done.
Evaluation of IView on CompteView...
done.
Writing file: /home/anthony/Dropbox/Cours/Master/Semestre 3 (M2)/MDE/bonnie-and-clyde/com.mia.banque.application.generated/src/com/mia/banque/ui/view/ICompteView.java...
done.
Evaluation of IControler on CompteView...
done.
Writing file: /home/anthony/Dropbox/Cours/Master/Semestre 3 (M2)/MDE/bonnie-and-clyde/com.mia.banque.application.generated/src/com/mia/banque/ui/controler/ICompteControler.java...
done.
Evaluation of View on CompteView...
done.
Writing file: /home/anthony/Dropbox/Cours/Master/Semestre 3 (M2)/MDE/bonnie-and-clyde/com.mia.banque.application.generated/src/com/mia/banque/ui/view/swt/CompteView.java...
done.
Evaluation of Controler on CompteView...
done.
Writing file: /home/anthony/Dropbox/Cours/Master/Semestre 3 (M2)/MDE/bonnie-and-clyde/com.mia.banque.application.generated/src/com/mia/banque/ui/controler/swt/CompteControler.java...
done.
Evaluation of IView on OperationView...
done.
Writing file: /home/anthony/Dropbox/Cours/Master/Semestre 3 (M2)/MDE/bonnie-and-clyde/com.mia.banque.application.generated/src/com/mia/banque/ui/view/IOperationView.java...
done.
Evaluation of IControler on OperationView...
done.
Writing file: /home/anthony/Dropbox/Cours/Master/Semestre 3 (M2)/MDE/bonnie-and-clyde/com.mia.banque.application.generated/src/com/mia/banque/ui/controler/IOperationControler.java...
done.
Evaluation of View on OperationView...
done.
Writing file: /home/anthony/Dropbox/Cours/Master/Semestre 3 (M2)/MDE/bonnie-and-clyde/com.mia.banque.application.generated/src/com/mia/banque/ui/view/swt/OperationView.java...
done.
Evaluation of Controler on OperationView...
done.
Writing file: /home/anthony/Dropbox/Cours/Master/Semestre 3 (M2)/MDE/bonnie-and-clyde/com.mia.banque.application.generated/src/com/mia/banque/ui/controler/swt/OperationControler.java...
done.
ven. 27 nov. 15 -- 11:58:50:965 : COMPLETED
